Arguments: 
  C:\Program Files\nodejs\node.exe C:\Users\ndanh19\AppData\Roaming\npm\node_modules\yarn\bin\yarn.js init

PATH: 
  C:\Users\ndanh19\bin;C:\Users\ndanh19\AppData\Local\Programs\Git\mingw64\bin;C:\Users\ndanh19\AppData\Local\Programs\Git\usr\local\bin;C:\Users\ndanh19\AppData\Local\Programs\Git\usr\bin;C:\Users\ndanh19\AppData\Local\Programs\Git\usr\bin;C:\Users\ndanh19\AppData\Local\Programs\Git\mingw64\bin;C:\Users\ndanh19\AppData\Local\Programs\Git\usr\bin;C:\Users\ndanh19\bin;C:\WINDOWS\system32;C:\WINDOWS;C:\WINDOWS\System32\Wbem;C:\WINDOWS\System32\WindowsPowerShell\v1.0;C:\WINDOWS\System32\OpenSSH;C:\Program Files\TortoiseSVN\bin;C:\Program Files\nodejs;C:\Users\ndanh19\AppData\Local\Programs\Python\Python311\Scripts;C:\Users\ndanh19\AppData\Local\Programs\Python\Python311;C:\Users\ndanh19\AppData\Local\Microsoft\WindowsApps;C:\Users\ndanh19\AppData\Local\Programs\Microsoft VS Code\bin;C:\Users\ndanh19\AppData\Local\Programs\Git\cmd;C:\Users\ndanh19\AppData\Roaming\npm;C:\Users\ndanh19\AppData\Local\Programs\Git\usr\bin\vendor_perl;C:\Users\ndanh19\AppData\Local\Programs\Git\usr\bin\core_perl

Yarn version: 
  1.22.19

Node version: 
  18.12.1

Platform: 
  win32 x64

Trace: 
  Error: canceled
      at Interface.<anonymous> (C:\Users\ndanh19\AppData\Roaming\npm\node_modules\yarn\lib\cli.js:137150:13)
      at Interface.emit (node:events:513:28)
      at [_ttyWrite] [as _ttyWrite] (node:internal/readline/interface:1124:18)
      at ReadStream.onkeypress (node:internal/readline/interface:273:20)
      at ReadStream.emit (node:events:513:28)
      at emitKeys (node:internal/readline/utils:357:14)
      at emitKeys.next (<anonymous>)
      at ReadStream.onData (node:internal/readline/emitKeypressEvents:64:36)
      at ReadStream.emit (node:events:513:28)
      at addChunk (node:internal/streams/readable:324:12)

npm manifest: 
  No manifest

yarn manifest: 
  No manifest

Lockfile: 
  No lockfile
